#
# There is insufficient memory for the Java Runtime Environment to continue.
# Native memory allocation (malloc) failed to allocate 363216 bytes for Chunk::new
# Possible reasons:
#   The system is out of physical RAM or swap space
#   The process is running with CompressedOops enabled, and the Java Heap may be blocking the growth of the native heap
# Possible solutions:
#   Reduce memory load on the system
#   Increase physical memory or swap space
#   Check if swap backing store is full
#   Decrease Java heap size (-Xmx/-Xms)
#   Decrease number of Java threads
#   Decrease Java thread stack sizes (-Xss)
#   Set larger code cache with -XX:ReservedCodeCacheSize=
#   JVM is running with Unscaled Compressed Oops mode in which the Java heap is
#     placed in the first 4GB address space. The Java Heap base address is the
#     maximum limit for the native heap growth. Please use -XX:HeapBaseMinAddress
#     to set the Java Heap base and to place the Java Heap above 4GB virtual address.
# This output file may be truncated or incomplete.
#
#  Out of Memory Error (./open/src/hotspot/share/memory/arena.cpp:197), pid=86744, tid=81380
#
# JRE version: Java(TM) SE Runtime Environment 18.9 (11.0.7+8) (build 11.0.7+8-LTS)
# Java VM: Java HotSpot(TM) 64-Bit Server VM 18.9 (11.0.7+8-LTS, mixed mode, tiered, compressed oops, g1 gc, windows-amd64)
# No core dump will be written. Minidumps are not enabled by default on client versions of Windows
#

---------------  S U M M A R Y ------------

Command Line: -ea -Didea.test.cyclic.buffer.size=1048576 -javaagent:C:\Program Files\JetBrains\IntelliJ IDEA Community Edition 2020.2\lib\idea_rt.jar=64929:C:\Program Files\JetBrains\IntelliJ IDEA Community Edition 2020.2\bin -Dfile.encoding=UTF-8 com.intellij.rt.testng.RemoteTestNGStarter -usedefaultlisteners false -socket64928 @w@C:\Users\Alex\AppData\Local\Temp\idea_working_dirs_testng8.tmp -temp C:\Users\Alex\AppData\Local\Temp\idea_testng4.tmp

Host: Intel(R) Core(TM) i5-3210M CPU @ 2.50GHz, 4 cores, 5G,  Windows 10 , 64 bit Build 18362 (10.0.18362.959)
Time: Sun Aug 16 20:31:24 2020 RTZ 2 (ceia) elapsed time: 9 seconds (0d 0h 0m 9s)

---------------  T H R E A D  ---------------

Current thread (0x000001feff7e2800):  JavaThread "C2 CompilerThread0" daemon [_thread_in_native, id=81380, stack(0x00000043b2200000,0x00000043b2300000)]


Current CompileTask:
C2:   9884 1727       4       java.io.DataInputStream::readUTF (501 bytes)

Stack: [0x00000043b2200000,0x00000043b2300000]
Native frames: (J=compiled Java code, j=interpreted, Vv=VM code, C=native code)
V  [jvm.dll+0x661a7a]
V  [jvm.dll+0x7a1b2f]
V  [jvm.dll+0x7a31d5]
V  [jvm.dll+0x7a3843]
V  [jvm.dll+0x25f1a8]
V  [jvm.dll+0xc2441]
V  [jvm.dll+0xc29cc]
V  [jvm.dll+0x36fce2]
V  [jvm.dll+0x33c793]
V  [jvm.dll+0x33bb6a]
V  [jvm.dll+0x2186e5]
V  [jvm.dll+0x21788a]
V  [jvm.dll+0x19407c]
V  [jvm.dll+0x226c74]
V  [jvm.dll+0x224e98]
V  [jvm.dll+0x765e25]
V  [jvm.dll+0x75e875]
V  [jvm.dll+0x660b26]
C  [ucrtbase.dll+0x20e82]
C  [KERNEL32.DLL+0x17bd4]
C  [ntdll.dll+0x6ce51]


---------------  P R O C E S S  ---------------

Threads class SMR info:
_java_thread_list=0x000001fe98499050, length=17, elements={
0x000001fef9a51000, 0x000001feff7bf800, 0x000001feff7c8000, 0x000001feff7dd800,
0x000001feff7de000, 0x000001feff7e2800, 0x000001feff7e8800, 0x000001feff7f0000,
0x000001fef9b0e800, 0x000001feffb99800, 0x000001feffc83000, 0x000001fe9823d800,
0x000001fe9827d000, 0x000001fe98409800, 0x000001fe9827f800, 0x000001fe98461800,
0x000001fe9846a800
}

Java Threads: ( => current thread )
  0x000001fef9a51000 JavaThread "Forwarding newSession on session null to remote" [_thread_blocked, id=85164, stack(0x00000043b1700000,0x00000043b1800000)]
  0x000001feff7bf800 JavaThread "Reference Handler" daemon [_thread_blocked, id=82840, stack(0x00000043b1e00000,0x00000043b1f00000)]
  0x000001feff7c8000 JavaThread "Finalizer" daemon [_thread_blocked, id=83152, stack(0x00000043b1f00000,0x00000043b2000000)]
  0x000001feff7dd800 JavaThread "Signal Dispatcher" daemon [_thread_blocked, id=85156, stack(0x00000043b2000000,0x00000043b2100000)]
  0x000001feff7de000 JavaThread "Attach Listener" daemon [_thread_blocked, id=87000, stack(0x00000043b2100000,0x00000043b2200000)]
=>0x000001feff7e2800 JavaThread "C2 CompilerThread0" daemon [_thread_in_native, id=81380, stack(0x00000043b2200000,0x00000043b2300000)]
  0x000001feff7e8800 JavaThread "C1 CompilerThread0" daemon [_thread_blocked, id=66972, stack(0x00000043b2300000,0x00000043b2400000)]
  0x000001feff7f0000 JavaThread "Sweeper thread" daemon [_thread_blocked, id=86868, stack(0x00000043b2400000,0x00000043b2500000)]
  0x000001fef9b0e800 JavaThread "Common-Cleaner" daemon [_thread_blocked, id=86448, stack(0x00000043b2500000,0x00000043b2600000)]
  0x000001feffb99800 JavaThread "Monitor Ctrl-Break" daemon [_thread_in_native, id=85096, stack(0x00000043b2600000,0x00000043b2700000)]
  0x000001feffc83000 JavaThread "Service Thread" daemon [_thread_blocked, id=84872, stack(0x00000043b2700000,0x00000043b2800000)]
  0x000001fe9823d800 JavaThread "Exec Default Executor" daemon [_thread_in_native, id=84364, stack(0x00000043b2b00000,0x00000043b2c00000)]
  0x000001fe9827d000 JavaThread "UrlChecker-2" daemon [_thread_blocked, id=84908, stack(0x00000043b2c00000,0x00000043b2d00000)]
  0x000001fe98409800 JavaThread "Exec Stream Pumper" daemon [_thread_in_native, id=84444, stack(0x00000043b2e00000,0x00000043b2f00000)]
  0x000001fe9827f800 JavaThread "Exec Stream Pumper" daemon [_thread_in_native, id=81316, stack(0x00000043b2f00000,0x00000043b3000000)]
  0x000001fe98461800 JavaThread "OkHttp ConnectionPool" daemon [_thread_blocked, id=84152, stack(0x00000043b3000000,0x00000043b3100000)]
  0x000001fe9846a800 JavaThread "Okio Watchdog" daemon [_thread_blocked, id=75268, stack(0x00000043b3100000,0x00000043b3200000)]

Other Threads:
  0x000001feff799800 VMThread "VM Thread" [stack: 0x00000043b1d00000,0x00000043b1e00000] [id=86268]
  0x000001feffc89000 WatcherThread [stack: 0x00000043b2800000,0x00000043b2900000] [id=85304]
  0x000001fef9a67800 GCTaskThread "GC Thread#0" [stack: 0x00000043b1800000,0x00000043b1900000] [id=85624]
  0x000001fe9827a800 GCTaskThread "GC Thread#1" [stack: 0x00000043b2900000,0x00000043b2a00000] [id=86280]
  0x000001fef9a8d000 ConcurrentGCThread "G1 Main Marker" [stack: 0x00000043b1900000,0x00000043b1a00000] [id=81192]
  0x000001fef9a8f800 ConcurrentGCThread "G1 Conc#0" [stack: 0x00000043b1a00000,0x00000043b1b00000] [id=80124]
  0x000001fef9b02800 ConcurrentGCThread "G1 Refine#0" [stack: 0x00000043b1b00000,0x00000043b1c00000] [id=69092]
  0x000001fef9b03800 ConcurrentGCThread "G1 Young RemSet Sampling" [stack: 0x00000043b1c00000,0x00000043b1d00000] [id=83924]

Threads with active compile tasks:
C2 CompilerThread01727       4       java.io.DataInputStream::readUTF (501 bytes)

VM state:at safepoint (normal execution)

VM Mutex/Monitor currently owned by a thread:  ([mutex/lock_event])
[0x000001fef9a4c8a0] Threads_lock - owner thread: 0x000001feff799800
[0x000001fef9a4d080] Heap_lock - owner thread: 0x000001fef9a51000

Heap address: 0x00000000a2200000, size: 1502 MB, Compressed Oops mode: 32-bit
Narrow klass base: 0x0000000000000000, Narrow klass shift: 3
Compressed class space size: 1073741824 Address: 0x0000000100000000

Heap:
 garbage-first heap   total 96256K, used 6625K [0x00000000a2200000, 0x0000000100000000)
  region size 1024K, 3 young (3072K), 3 survivors (3072K)
 Metaspace       used 21477K, capacity 21951K, committed 22016K, reserved 1081344K
  class space    used 2341K, capacity 2544K, committed 2560K, reserved 1048576K
Heap Regions: E=young(eden), S=young(survivor), O=old, HS=humongous(starts), HC=humongous(continues), CS=collection set, F=free, A=archive, TAMS=top-at-mark-start (previous, next)
|   0|0x00000000a2200000, 0x00000000a2300000, 0x00000000a2300000|100%| O|  |TAMS 0x00000000a2300000, 0x00000000a2300000| Untracked 
|   1|0x00000000a2300000, 0x00000000a2400000, 0x00000000a2400000|100%| O|  |TAMS 0x00000000a2400000, 0x00000000a2400000| Untracked 
|   2|0x00000000a2400000, 0x00000000a2500000, 0x00000000a2500000|100%| O|  |TAMS 0x00000000a2500000, 0x00000000a2500000| Untracked 
|   3|0x00000000a2500000, 0x00000000a257d600, 0x00000000a2600000| 48%| O|  |TAMS 0x00000000a257d600, 0x00000000a257d600| Untracked 
|   4|0x00000000a2600000, 0x00000000a2600000, 0x00000000a2700000|  0%| F|  |TAMS 0x00000000a2600000, 0x00000000a2600000| Untracked 
|   5|0x00000000a2700000, 0x00000000a2700000, 0x00000000a2800000|  0%| F|  |TAMS 0x00000000a2700000, 0x00000000a2700000| Untracked 
|   6|0x00000000a2800000, 0x00000000a2800000, 0x00000000a2900000|  0%| F|  |TAMS 0x00000000a2800000, 0x00000000a2800000| Untracked 
|   7|0x00000000a2900000, 0x00000000a2900000, 0x00000000a2a00000|  0%| F|  |TAMS 0x00000000a2900000, 0x00000000a2900000| Untracked 
|   8|0x00000000a2a00000, 0x00000000a2a00000, 0x00000000a2b00000|  0%| F|  |TAMS 0x00000000a2a00000, 0x00000000a2a00000| Untracked 
|   9|0x00000000a2b00000, 0x00000000a2b00000, 0x00000000a2c00000|  0%| F|  |TAMS 0x00000000a2b00000, 0x00000000a2b00000| Untracked 
|  10|0x00000000a2c00000, 0x00000000a2c00000, 0x00000000a2d00000|  0%| F|  |TAMS 0x00000000a2c00000, 0x00000000a2c00000| Untracked 
|  11|0x00000000a2d00000, 0x00000000a2d00000, 0x00000000a2e00000|  0%| F|  |TAMS 0x00000000a2d00000, 0x00000000a2d00000| Untracked 
|  12|0x00000000a2e00000, 0x00000000a2e00000, 0x00000000a2f00000|  0%| F|  |TAMS 0x00000000a2e00000, 0x00000000a2e00000| Untracked 
|  13|0x00000000a2f00000, 0x00000000a2f00000, 0x00000000a3000000|  0%| F|  |TAMS 0x00000000a2f00000, 0x00000000a2f00000| Untracked 
|  14|0x00000000a3000000, 0x00000000a3000000, 0x00000000a3100000|  0%| F|  |TAMS 0x00000000a3000000, 0x00000000a3000000| Untracked 
|  15|0x00000000a3100000, 0x00000000a3100000, 0x00000000a3200000|  0%| F|  |TAMS 0x00000000a3100000, 0x00000000a3100000| Untracked 
|  16|0x00000000a3200000, 0x00000000a3200000, 0x00000000a3300000|  0%| F|  |TAMS 0x00000000a3200000, 0x00000000a3200000| Untracked 
|  17|0x00000000a3300000, 0x00000000a3300000, 0x00000000a3400000|  0%| F|  |TAMS 0x00000000a3300000, 0x00000000a3300000| Untracked 
|  18|0x00000000a3400000, 0x00000000a3400000, 0x00000000a3500000|  0%| F|  |TAMS 0x00000000a3400000, 0x00000000a3400000| Untracked 
|  19|0x00000000a3500000, 0x00000000a3500000, 0x00000000a3600000|  0%| F|  |TAMS 0x00000000a3500000, 0x00000000a3500000| Untracked 
|  20|0x00000000a3600000, 0x00000000a3600000, 0x00000000a3700000|  0%| F|  |TAMS 0x00000000a3600000, 0x00000000a3600000| Untracked 
|  21|0x00000000a3700000, 0x00000000a3700000, 0x00000000a3800000|  0%| F|  |TAMS 0x00000000a3700000, 0x00000000a3700000| Untracked 
|  22|0x00000000a3800000, 0x00000000a3800000, 0x00000000a3900000|  0%| F|  |TAMS 0x00000000a3800000, 0x00000000a3800000| Untracked 
|  23|0x00000000a3900000, 0x00000000a3900000, 0x00000000a3a00000|  0%| F|  |TAMS 0x00000000a3900000, 0x00000000a3900000| Untracked 
|  24|0x00000000a3a00000, 0x00000000a3a00000, 0x00000000a3b00000|  0%| F|  |TAMS 0x00000000a3a00000, 0x00000000a3a00000| Untracked 
|  25|0x00000000a3b00000, 0x00000000a3b00000, 0x00000000a3c00000|  0%| F|  |TAMS 0x00000000a3b00000, 0x00000000a3b00000| Untracked 
|  26|0x00000000a3c00000, 0x00000000a3c00000, 0x00000000a3d00000|  0%| F|  |TAMS 0x00000000a3c00000, 0x00000000a3c00000| Untracked 
|  27|0x00000000a3d00000, 0x00000000a3d00000, 0x00000000a3e00000|  0%| F|  |TAMS 0x00000000a3d00000, 0x00000000a3d00000| Untracked 
|  28|0x00000000a3e00000, 0x00000000a3e00000, 0x00000000a3f00000|  0%| F|  |TAMS 0x00000000a3e00000, 0x00000000a3e00000| Untracked 
|  29|0x00000000a3f00000, 0x00000000a3f00000, 0x00000000a4000000|  0%| F|  |TAMS 0x00000000a3f00000, 0x00000000a3f00000| Untracked 
|  30|0x00000000a4000000, 0x00000000a4000000, 0x00000000a4100000|  0%| F|  |TAMS 0x00000000a4000000, 0x00000000a4000000| Untracked 
|  31|0x00000000a4100000, 0x00000000a4100000, 0x00000000a4200000|  0%| F|  |TAMS 0x00000000a4100000, 0x00000000a4100000| Untracked 
|  32|0x00000000a4200000, 0x00000000a4200000, 0x00000000a4300000|  0%| F|  |TAMS 0x00000000a4200000, 0x00000000a4200000| Untracked 
|  33|0x00000000a4300000, 0x00000000a4300000, 0x00000000a4400000|  0%| F|  |TAMS 0x00000000a4300000, 0x00000000a4300000| Untracked 
|  34|0x00000000a4400000, 0x00000000a4400000, 0x00000000a4500000|  0%| F|  |TAMS 0x00000000a4400000, 0x00000000a4400000| Untracked 
|  35|0x00000000a4500000, 0x00000000a4500000, 0x00000000a4600000|  0%| F|  |TAMS 0x00000000a4500000, 0x00000000a4500000| Untracked 
|  36|0x00000000a4600000, 0x00000000a4600000, 0x00000000a4700000|  0%| F|  |TAMS 0x00000000a4600000, 0x00000000a4600000| Untracked 
|  37|0x00000000a4700000, 0x00000000a4700000, 0x00000000a4800000|  0%| F|  |TAMS 0x00000000a4700000, 0x00000000a4700000| Untracked 
|  38|0x00000000a4800000, 0x00000000a4800000, 0x00000000a4900000|  0%| F|  |TAMS 0x00000000a4800000, 0x00000000a4800000| Untracked 
|  39|0x00000000a4900000, 0x00000000a4900000, 0x00000000a4a00000|  0%| F|  |TAMS 0x00000000a4900000, 0x00000000a4900000| Untracked 
|  40|0x00000000a4a00000, 0x00000000a4a00000, 0x00000000a4b00000|  0%| F|  |TAMS 0x00000000a4a00000, 0x00000000a4a00000| Untracked 
|  41|0x00000000a4b00000, 0x00000000a4b00000, 0x00000000a4c00000|  0%| F|  |TAMS 0x00000000a4b00000, 0x00000000a4b00000| Untracked 
|  42|0x00000000a4c00000, 0x00000000a4c00000, 0x00000000a4d00000|  0%| F|  |TAMS 0x00000000a4c00000, 0x00000000a4c00000| Untracked 
|  43|0x00000000a4d00000, 0x00000000a4d00000, 0x00000000a4e00000|  0%| F|  |TAMS 0x00000000a4d00000, 0x00000000a4d00000| Untracked 
|  44|0x00000000a4e00000, 0x00000000a4e00000, 0x00000000a4f00000|  0%| F|  |TAMS 0x00000000a4e00000, 0x00000000a4e00000| Untracked 
|  45|0x00000000a4f00000, 0x00000000a4f00000, 0x00000000a5000000|  0%| F|  |TAMS 0x00000000a4f00000, 0x00000000a4f00000| Untracked 
|  46|0x00000000a5000000, 0x00000000a5000000, 0x00000000a5100000|  0%| F|  |TAMS 0x00000000a5000000, 0x00000000a5000000| Untracked 
|  47|0x00000000a5100000, 0x00000000a5100000, 0x00000000a5200000|  0%| F|  |TAMS 0x00000000a5100000, 0x00000000a5100000| Untracked 
|  48|0x00000000a5200000, 0x00000000a5200000, 0x00000000a5300000|  0%| F|  |TAMS 0x00000000a5200000, 0x00000000a5200000| Untracked 
|  49|0x00000000a5300000, 0x00000000a5300000, 0x00000000a5400000|  0%| F|  |TAMS 0x00000000a5300000, 0x00000000a5300000| Untracked 
|  50|0x00000000a5400000, 0x00000000a5400000, 0x00000000a5500000|  0%| F|  |TAMS 0x00000000a5400000, 0x00000000a5400000| Untracked 
|  51|0x00000000a5500000, 0x00000000a5500000, 0x00000000a5600000|  0%| F|  |TAMS 0x00000000a5500000, 0x00000000a5500000| Untracked 
|  52|0x00000000a5600000, 0x00000000a5600000, 0x00000000a5700000|  0%| F|  |TAMS 0x00000000a5600000, 0x00000000a5600000| Untracked 
|  53|0x00000000a5700000, 0x00000000a5700000, 0x00000000a5800000|  0%| F|  |TAMS 0x00000000a5700000, 0x00000000a5700000| Untracked 
|  54|0x00000000a5800000, 0x00000000a5800000, 0x00000000a5900000|  0%| F|  |TAMS 0x00000000a5800000, 0x00000000a5800000| Untracked 
|  55|0x00000000a5900000, 0x00000000a5900000, 0x00000000a5a00000|  0%| F|  |TAMS 0x00000000a5900000, 0x00000000a5900000| Untracked 
|  56|0x00000000a5a00000, 0x00000000a5a00000, 0x00000000a5b00000|  0%| F|  |TAMS 0x00000000a5a00000, 0x00000000a5a00000| Untracked 
|  57|0x00000000a5b00000, 0x00000000a5b00000, 0x00000000a5c00000|  0%| F|  |TAMS 0x00000000a5b00000, 0x00000000a5b00000| Untracked 
|  58|0x00000000a5c00000, 0x00000000a5c00000, 0x00000000a5d00000|  0%| F|  |TAMS 0x00000000a5c00000, 0x00000000a5c00000| Untracked 
|  59|0x00000000a5d00000, 0x00000000a5d00000, 0x00000000a5e00000|  0%| F|  |TAMS 0x00000000a5d00000, 0x00000000a5d00000| Untracked 
|  60|0x00000000a5e00000, 0x00000000a5e00000, 0x00000000a5f00000|  0%| F|  |TAMS 0x00000000a5e00000, 0x00000000a5e00000| Untracked 
|  61|0x00000000a5f00000, 0x00000000a5f00000, 0x00000000a6000000|  0%| F|  |TAMS 0x00000000a5f00000, 0x00000000a5f00000| Untracked 
|  62|0x00000000a6000000, 0x00000000a6000000, 0x00000000a6100000|  0%| F|  |TAMS 0x00000000a6000000, 0x00000000a6000000| Untracked 
|  63|0x00000000a6100000, 0x00000000a6100000, 0x00000000a6200000|  0%| F|  |TAMS 0x00000000a6100000, 0x00000000a6100000| Untracked 
|  64|0x00000000a6200000, 0x00000000a6200000, 0x00000000a6300000|  0%| F|  |TAMS 0x00000000a6200000, 0x00000000a6200000| Untracked 
|  65|0x00000000a6300000, 0x00000000a6300000, 0x00000000a6400000|  0%| F|  |TAMS 0x00000000a6300000, 0x00000000a6300000| Untracked 
|  66|0x00000000a6400000, 0x00000000a6400000, 0x00000000a6500000|  0%| F|  |TAMS 0x00000000a6400000, 0x00000000a6400000| Untracked 
|  67|0x00000000a6500000, 0x00000000a6500000, 0x00000000a6600000|  0%| F|  |TAMS 0x00000000a6500000, 0x00000000a6500000| Untracked 
|  68|0x00000000a6600000, 0x00000000a6600000, 0x00000000a6700000|  0%| F|  |TAMS 0x00000000a6600000, 0x00000000a6600000| Untracked 
|  69|0x00000000a6700000, 0x00000000a6700000, 0x00000000a6800000|  0%| F|  |TAMS 0x00000000a6700000, 0x00000000a6700000| Untracked 
|  70|0x00000000a6800000, 0x00000000a6800000, 0x00000000a6900000|  0%| F|  |TAMS 0x00000000a6800000, 0x00000000a6800000| Untracked 
|  71|0x00000000a6900000, 0x00000000a6900000, 0x00000000a6a00000|  0%| F|  |TAMS 0x00000000a6900000, 0x00000000a6900000| Untracked 
|  72|0x00000000a6a00000, 0x00000000a6a00000, 0x00000000a6b00000|  0%| F|  |TAMS 0x00000000a6a00000, 0x00000000a6a00000| Untracked 
|  73|0x00000000a6b00000, 0x00000000a6b00000, 0x00000000a6c00000|  0%| F|  |TAMS 0x00000000a6b00000, 0x00000000a6b00000| Untracked 
|  74|0x00000000a6c00000, 0x00000000a6c00000, 0x00000000a6d00000|  0%| F|  |TAMS 0x00000000a6c00000, 0x00000000a6c00000| Untracked 
|  75|0x00000000a6d00000, 0x00000000a6d00000, 0x00000000a6e00000|  0%| F|  |TAMS 0x00000000a6d00000, 0x00000000a6d00000| Untracked 
|  76|0x00000000a6e00000, 0x00000000a6e00000, 0x00000000a6f00000|  0%| F|  |TAMS 0x00000000a6e00000, 0x00000000a6e00000| Untracked 
|  77|0x00000000a6f00000, 0x00000000a6f00000, 0x00000000a7000000|  0%| F|  |TAMS 0x00000000a6f00000, 0x00000000a6f00000| Untracked 
|  78|0x00000000a7000000, 0x00000000a7000000, 0x00000000a7100000|  0%| F|  |TAMS 0x00000000a7000000, 0x00000000a7000000| Untracked 
|  79|0x00000000a7100000, 0x00000000a7100000, 0x00000000a7200000|  0%| F|  |TAMS 0x00000000a7100000, 0x00000000a7100000| Untracked 
|  80|0x00000000a7200000, 0x00000000a7200000, 0x00000000a7300000|  0%| F|  |TAMS 0x00000000a7200000, 0x00000000a7200000| Untracked 
|  81|0x00000000a7300000, 0x00000000a7300000, 0x00000000a7400000|  0%| F|  |TAMS 0x00000000a7300000, 0x00000000a7300000| Untracked 
|  82|0x00000000a7400000, 0x00000000a7400000, 0x00000000a7500000|  0%| F|  |TAMS 0x00000000a7400000, 0x00000000a7400000| Untracked 
|  83|0x00000000a7500000, 0x00000000a7500000, 0x00000000a7600000|  0%| F|  |TAMS 0x00000000a7500000, 0x00000000a7500000| Untracked 
|  84|0x00000000a7600000, 0x00000000a7600000, 0x00000000a7700000|  0%| F|  |TAMS 0x00000000a7600000, 0x00000000a7600000| Untracked 
|  85|0x00000000a7700000, 0x00000000a7700000, 0x00000000a7800000|  0%| F|  |TAMS 0x00000000a7700000, 0x00000000a7700000| Untracked 
|  86|0x00000000a7800000, 0x00000000a7800000, 0x00000000a7900000|  0%| F|  |TAMS 0x00000000a7800000, 0x00000000a7800000| Untracked 
|  87|0x00000000a7900000, 0x00000000a7900000, 0x00000000a7a00000|  0%| F|  |TAMS 0x00000000a7900000, 0x00000000a7900000| Untracked 
|  88|0x00000000a7a00000, 0x00000000a7afae10, 0x00000000a7b00000| 97%| S|CS|TAMS 0x00000000a7a00000, 0x00000000a7a00000| Complete 
|  89|0x00000000a7b00000, 0x00000000a7c00000, 0x00000000a7c00000|100%| S|CS|TAMS 0x00000000a7b00000, 0x00000000a7b00000| Complete 
|  90|0x00000000a7c00000, 0x00000000a7d00000, 0x00000000a7d00000|100%| S|CS|TAMS 0x00000000a7c00000, 0x00000000a7c00000| Complete 
|  91|0x00000000a7d00000, 0x00000000a7d00000, 0x00000000a7e00000|  0%| F|  |TAMS 0x00000000a7d00000, 0x00000000a7d00000| Untracked 
|  92|0x00000000a7e00000, 0x00000000a7e00000, 0x00000000a7f00000|  0%| F|  |TAMS 0x00000000a7e00000, 0x00000000a7e00000| Untracked 
|  93|0x00000000a7f00000, 0x00000000a7f00000, 0x00000000a8000000|  0%| F|  |TAMS 0x00000000a7f00000, 0x00000000a7f00000| Untracked 

Card table byte_map: [0x000001fef9e10000,0x000001fefa100000] _byte_map_base: 0x000001fef98ff000

Marking Bits (Prev, Next): (CMBitMap*) 0x000001fef9a86a00, (CMBitMap*) 0x000001fef9a869c8
 Prev Bits: [0x000001fefbb70000, 0x000001fefd2e8000)
 Next Bits: [0x000001fefa3f0000, 0x000001fefbb68000)

Polling page: 0x000001fef7870000

Metaspace:

Usage:
  Non-class:     18.95 MB capacity,    18.69 MB ( 99%) used,   215.10 KB (  1%) free+waste,    56.06 KB ( <1%) overhead. 
      Class:      2.48 MB capacity,     2.29 MB ( 92%) used,   174.96 KB (  7%) free+waste,    27.75 KB (  1%) overhead. 
       Both:     21.44 MB capacity,    20.97 MB ( 98%) used,   390.06 KB (  2%) free+waste,    83.81 KB ( <1%) overhead. 

Virtual space:
  Non-class space:       32.00 MB reserved,      19.00 MB ( 59%) committed 
      Class space:        1.00 GB reserved,       2.50 MB ( <1%) committed 
             Both:        1.03 GB reserved,      21.50 MB (  2%) committed 

Chunk freelists:
   Non-Class:  6.13 KB
       Class:  0 bytes
        Both:  6.13 KB

CodeHeap 'non-profiled nmethods': size=120064Kb used=554Kb max_used=554Kb free=119509Kb
 bounds [0x000001fe8fdf0000, 0x000001fe90060000, 0x000001fe97330000]
CodeHeap 'profiled nmethods': size=120000Kb used=3489Kb max_used=3489Kb free=116510Kb
 bounds [0x000001fe888c0000, 0x000001fe88c30000, 0x000001fe8fdf0000]
CodeHeap 'non-nmethods': size=5696Kb used=1153Kb max_used=1155Kb free=4542Kb
 bounds [0x000001fe88330000, 0x000001fe885a0000, 0x000001fe888c0000]
 total_blobs=2655 nmethods=1759 adapters=398
 compilation: enabled
              stopped_count=0, restarted_count=0
 full_count=0

Compilation events (10 events):
Event: 9.848 Thread 0x000001feff7e8800 1756       3       sun.invoke.util.Wrapper::isIntegral (23 bytes)
Event: 9.848 Thread 0x000001feff7e8800 nmethod 1756 0x000001fe88c26410 code [0x000001fe88c265c0, 0x000001fe88c26878]
Event: 9.848 Thread 0x000001feff7e8800 1757       3       sun.invoke.util.Wrapper::isNumeric (16 bytes)
Event: 9.848 Thread 0x000001feff7e8800 nmethod 1757 0x000001fe88c26910 code [0x000001fe88c26ac0, 0x000001fe88c26c78]
Event: 9.849 Thread 0x000001feff7e8800 1758       3       jdk.internal.org.objectweb.asm.Frame::pop (53 bytes)
Event: 9.850 Thread 0x000001feff7e8800 nmethod 1758 0x000001fe88c26d10 code [0x000001fe88c26f60, 0x000001fe88c27700]
Event: 9.850 Thread 0x000001feff7e8800 1759       3       java.lang.invoke.MethodType::changeReturnType (20 bytes)
Event: 9.850 Thread 0x000001feff7e8800 nmethod 1759 0x000001fe88c27a10 code [0x000001fe88c27bc0, 0x000001fe88c27dd0]
Event: 9.851 Thread 0x000001feff7e8800 1762       3       java.lang.invoke.InvokerBytecodeGenerator::assertStaticType (58 bytes)
Event: 9.851 Thread 0x000001feff7e8800 nmethod 1762 0x000001fe88c27e90 code [0x000001fe88c28080, 0x000001fe88c285c0]

GC Heap History (8 events):
Event: 1.702 GC heap before
{Heap before GC invocations=0 (full 0):
 garbage-first heap   total 96256K, used 14336K [0x00000000a2200000, 0x0000000100000000)
  region size 1024K, 14 young (14336K), 0 survivors (0K)
 Metaspace       used 12712K, capacity 12968K, committed 13184K, reserved 1060864K
  class space    used 1251K, capacity 1322K, committed 1408K, reserved 1048576K
}
Event: 1.712 GC heap after
{Heap after GC invocations=1 (full 0):
 garbage-first heap   total 96256K, used 3379K [0x00000000a2200000, 0x0000000100000000)
  region size 1024K, 2 young (2048K), 2 survivors (2048K)
 Metaspace       used 12712K, capacity 12968K, committed 13184K, reserved 1060864K
  class space    used 1251K, capacity 1322K, committed 1408K, reserved 1048576K
}
Event: 2.249 GC heap before
{Heap before GC invocations=1 (full 0):
 garbage-first heap   total 96256K, used 14643K [0x00000000a2200000, 0x0000000100000000)
  region size 1024K, 13 young (13312K), 2 survivors (2048K)
 Metaspace       used 16877K, capacity 17160K, committed 17280K, reserved 1064960K
  class space    used 1741K, capacity 1845K, committed 1920K, reserved 1048576K
}
Event: 2.258 GC heap after
{Heap after GC invocations=2 (full 0):
 garbage-first heap   total 96256K, used 5203K [0x00000000a2200000, 0x0000000100000000)
  region size 1024K, 2 young (2048K), 2 survivors (2048K)
 Metaspace       used 16877K, capacity 17160K, committed 17280K, reserved 1064960K
  class space    used 1741K, capacity 1845K, committed 1920K, reserved 1048576K
}
Event: 3.386 GC heap before
{Heap before GC invocations=2 (full 0):
 garbage-first heap   total 96256K, used 17491K [0x00000000a2200000, 0x0000000100000000)
  region size 1024K, 15 young (15360K), 2 survivors (2048K)
 Metaspace       used 20603K, capacity 21088K, committed 21248K, reserved 1069056K
  class space    used 2248K, capacity 2447K, committed 2560K, reserved 1048576K
}
Event: 3.393 GC heap after
{Heap after GC invocations=3 (full 0):
 garbage-first heap   total 96256K, used 6195K [0x00000000a2200000, 0x0000000100000000)
  region size 1024K, 3 young (3072K), 3 survivors (3072K)
 Metaspace       used 20603K, capacity 21088K, committed 21248K, reserved 1069056K
  class space    used 2248K, capacity 2447K, committed 2560K, reserved 1048576K
}
Event: 9.852 GC heap before
{Heap before GC invocations=4 (full 0):
 garbage-first heap   total 96256K, used 8243K [0x00000000a2200000, 0x0000000100000000)
  region size 1024K, 6 young (6144K), 3 survivors (3072K)
 Metaspace       used 21477K, capacity 21951K, committed 22016K, reserved 1079296K
  class space    used 2341K, capacity 2544K, committed 2560K, reserved 1048576K
}
Event: 9.858 GC heap after
{Heap after GC invocations=5 (full 0):
 garbage-first heap   total 96256K, used 6625K [0x00000000a2200000, 0x0000000100000000)
  region size 1024K, 3 young (3072K), 3 survivors (3072K)
 Metaspace       used 21477K, capacity 21951K, committed 22016K, reserved 1079296K
  class space    used 2341K, capacity 2544K, committed 2560K, reserved 1048576K
}

Deoptimization events (10 events):
Event: 2.281 Thread 0x000001fef9a51000 Uncommon trap: reason=unstable_if action=reinterpret pc=0x000001fe8fe29744 method=java.lang.StringUTF16.compress([CI[BII)I @ 20 c2
Event: 2.339 Thread 0x000001fef9a51000 Uncommon trap: reason=unstable_if action=reinterpret pc=0x000001fe8fe5b338 method=java.util.regex.Pattern$Branch.match(Ljava/util/regex/Matcher;ILjava/lang/CharSequence;)Z @ 19 c2
Event: 2.379 Thread 0x000001fef9a51000 Uncommon trap: reason=unstable_if action=reinterpret pc=0x000001fe8fe4877c method=java.lang.String.replace(CC)Ljava/lang/String; @ 2 c2
Event: 2.412 Thread 0x000001fe9827d000 Uncommon trap: reason=unstable_if action=reinterpret pc=0x000001fe8fe4b5cc method=java.lang.CharacterDataLatin1.digit(II)I @ 12 c2
Event: 2.924 Thread 0x000001fe9827d000 Uncommon trap: reason=unstable_if action=reinterpret pc=0x000001fe8fe4b244 method=java.lang.CharacterDataLatin1.digit(II)I @ 12 c2
Event: 3.268 Thread 0x000001fef9a51000 Uncommon trap: reason=unstable_if action=reinterpret pc=0x000001fe8fe073f8 method=java.lang.String.isLatin1()Z @ 10 c2
Event: 9.650 Thread 0x000001fef9a51000 Uncommon trap: reason=class_check action=maybe_recompile pc=0x000001fe8fe727a8 method=org.openqa.selenium.json.Input.init()V @ 18 c2
Event: 9.650 Thread 0x000001fef9a51000 Uncommon trap: reason=class_check action=maybe_recompile pc=0x000001fe8fe727a8 method=org.openqa.selenium.json.Input.init()V @ 18 c2
Event: 9.650 Thread 0x000001fef9a51000 Uncommon trap: reason=class_check action=maybe_recompile pc=0x000001fe8fe727a8 method=org.openqa.selenium.json.Input.init()V @ 18 c2
Event: 9.650 Thread 0x000001fef9a51000 Uncommon trap: reason=class_check action=maybe_recompile pc=0x000001fe8fe727a8 method=org.openqa.selenium.json.Input.init()V @ 18 c2

Classes redefined (0 events):
No events

Internal exceptions (10 events):
Event: 2.968 Thread 0x000001fef9a51000 Exception <a 'java/lang/NoSuchMethodError'{0x00000000a7c56748}: java.lang.invoke.DirectMethodHandle$Holder.invokeSpecialIFC(Ljava/lang/Object;Ljava/lang/Object;Ljava/lang/Object;Ljava/lang/Object;)I> (0x00000000a7c56748) thrown at [./open/src/hotspot/shar
Event: 2.970 Thread 0x000001fef9a51000 Exception <a 'java/lang/NoSuchMethodError'{0x00000000a7c5ea70}: java.lang.invoke.DirectMethodHandle$Holder.invokeInterface(Ljava/lang/Object;Ljava/lang/Object;Ljava/lang/Object;Ljava/lang/Object;)Ljava/lang/Object;> (0x00000000a7c5ea70) thrown at [./open/
Event: 2.979 Thread 0x000001fef9a51000 Exception <a 'java/lang/NoSuchMethodError'{0x00000000a7c83fa8}: java.lang.invoke.DirectMethodHandle$Holder.invokeVirtual(Ljava/lang/Object;Ljava/lang/Object;Ljava/lang/Object;)Ljava/lang/Object;> (0x00000000a7c83fa8) thrown at [./open/src/hotspot/share/in
Event: 3.028 Thread 0x000001fef9a51000 Exception <a 'java/lang/NoSuchMethodError'{0x00000000a7b66890}: java.lang.invoke.DirectMethodHandle$Holder.invokeVirtual(Ljava/lang/Object;Ljava/lang/Object;)I> (0x00000000a7b66890) thrown at [./open/src/hotspot/share/interpreter/linkResolver.cpp, line 77
Event: 3.030 Thread 0x000001fef9a51000 Exception <a 'java/lang/NoSuchMethodError'{0x00000000a7b6c3c8}: java.lang.invoke.DirectMethodHandle$Holder.invokeVirtual(Ljava/lang/Object;Ljava/lang/Object;)D> (0x00000000a7b6c3c8) thrown at [./open/src/hotspot/share/interpreter/linkResolver.cpp, line 77
Event: 3.031 Thread 0x000001fef9a51000 Exception <a 'java/lang/NoSuchMethodError'{0x00000000a7b72158}: java.lang.invoke.DirectMethodHandle$Holder.invokeVirtual(Ljava/lang/Object;Ljava/lang/Object;)F> (0x00000000a7b72158) thrown at [./open/src/hotspot/share/interpreter/linkResolver.cpp, line 77
Event: 3.034 Thread 0x000001fef9a51000 Exception <a 'java/lang/NoSuchMethodError'{0x00000000a7b7a628}: java.lang.invoke.DirectMethodHandle$Holder.invokeVirtual(Ljava/lang/Object;Ljava/lang/Object;)J> (0x00000000a7b7a628) thrown at [./open/src/hotspot/share/interpreter/linkResolver.cpp, line 77
Event: 3.201 Thread 0x000001fef9a51000 Exception <a 'java/lang/NoSuchMethodError'{0x00000000a77054a8}: java.lang.invoke.DirectMethodHandle$Holder.invokeStatic(Ljava/lang/Object;Ljava/lang/Object;Ljava/lang/Object;Ljava/lang/Object;Ljava/lang/Object;)V> (0x00000000a77054a8) thrown at [./open/sr
Event: 3.350 Thread 0x000001fef9a51000 Exception <a 'java/lang/NoSuchMethodError'{0x00000000a72cd7f0}: java.lang.invoke.DirectMethodHandle$Holder.invokeStatic(Ljava/lang/Object;Ljava/lang/Object;Ljava/lang/Object;Ljava/lang/Object;)V> (0x00000000a72cd7f0) thrown at [./open/src/hotspot/share/in
Event: 9.743 Thread 0x000001fef9a51000 Exception <a 'java/lang/NoSuchMethodError'{0x00000000a7e636d8}: java.lang.invoke.DirectMethodHandle$Holder.invokeSpecialIFC(Ljava/lang/Object;Ljava/lang/Object;Ljava/lang/Object;)Ljava/lang/Object;> (0x00000000a7e636d8) thrown at [./open/src/hotspot/share

Events (10 events):
Event: 9.833 loading class java/lang/StackStreamFactory$1
Event: 9.834 loading class java/lang/StackStreamFactory$1 done
Event: 9.834 loading class java/lang/StackStreamFactory$StackFrameTraverser$StackFrameBuffer
Event: 9.834 loading class java/lang/StackStreamFactory$FrameBuffer
Event: 9.834 loading class java/lang/StackStreamFactory$FrameBuffer done
Event: 9.834 loading class java/lang/StackStreamFactory$StackFrameTraverser$StackFrameBuffer done
Event: 9.849 loading class java/lang/invoke/BoundMethodHandle$Species_LLLLLLLLLI
Event: 9.849 loading class java/lang/invoke/BoundMethodHandle$Species_LLLLLLLLLI done
Event: 9.852 loading class java/lang/invoke/BoundMethodHandle$Species_LLLLLLLLLII
Event: 9.852 Executing VM operation: CollectForMetadataAllocation


Dynamic libraries:
0x00007ff662450000 - 0x00007ff662497000 	C:\Program Files\Java\jdk-11.0.7\bin\java.exe
0x00007ffefdca0000 - 0x00007ffefde90000 	C:\Windows\SYSTEM32\ntdll.dll
0x00007ffefcb80000 - 0x00007ffefcc32000 	C:\Windows\System32\KERNEL32.DLL
0x00007ffefb210000 - 0x00007ffefb4b4000 	C:\Windows\System32\KERNELBASE.dll
0x00007ffefd420000 - 0x00007ffefd4c3000 	C:\Windows\System32\ADVAPI32.dll
0x00007ffefc040000 - 0x00007ffefc0de000 	C:\Windows\System32\msvcrt.dll
0x00007ffefcc50000 - 0x00007ffefcce7000 	C:\Windows\System32\sechost.dll
0x00007ffefd1a0000 - 0x00007ffefd2c0000 	C:\Windows\System32\RPCRT4.dll
0x00007ffefcd10000 - 0x00007ffefcea4000 	C:\Windows\System32\USER32.dll
0x00007ffefac80000 - 0x00007ffefaca1000 	C:\Windows\System32\win32u.dll
0x00007ffefd4d0000 - 0x00007ffefd4f6000 	C:\Windows\System32\GDI32.dll
0x00007ffefb050000 - 0x00007ffefb1e6000 	C:\Windows\System32\gdi32full.dll
0x00007ffefafb0000 - 0x00007ffefb04e000 	C:\Windows\System32\msvcp_win.dll
0x00007ffefb4c0000 - 0x00007ffefb5ba000 	C:\Windows\System32\ucrtbase.dll
0x00007ffeeaf20000 - 0x00007ffeeb1a4000 	C:\Windows\WinSxS\amd64_microsoft.windows.common-controls_6595b64144ccf1df_6.0.18362.959_none_e6c7bbbf130c62bb\COMCTL32.dll
0x00007ffeecfe0000 - 0x00007ffeecfea000 	C:\Windows\SYSTEM32\VERSION.dll
0x00007ffefc7c0000 - 0x00007ffefcaf5000 	C:\Windows\System32\combase.dll
0x00007ffefae50000 - 0x00007ffefaed0000 	C:\Windows\System32\bcryptPrimitives.dll
0x00007ffefbf60000 - 0x00007ffefbf8e000 	C:\Windows\System32\IMM32.DLL
0x00007ffef7a10000 - 0x00007ffef7a26000 	C:\Program Files\Java\jdk-11.0.7\bin\vcruntime140.dll
0x00007ffee7170000 - 0x00007ffee721a000 	C:\Program Files\Java\jdk-11.0.7\bin\msvcp140.dll
0x00007ffeb5ea0000 - 0x00007ffeb6a01000 	C:\Program Files\Java\jdk-11.0.7\bin\server\jvm.dll
0x00007ffefc190000 - 0x00007ffefc198000 	C:\Windows\System32\PSAPI.DLL
0x00007ffef6460000 - 0x00007ffef6469000 	C:\Windows\SYSTEM32\WSOCK32.dll
0x00007ffef86a0000 - 0x00007ffef86c4000 	C:\Windows\SYSTEM32\WINMM.dll
0x00007ffefdbf0000 - 0x00007ffefdc5f000 	C:\Windows\System32\WS2_32.dll
0x00007ffef8670000 - 0x00007ffef869d000 	C:\Windows\SYSTEM32\winmmbase.dll
0x00007ffefacb0000 - 0x00007ffefacfa000 	C:\Windows\System32\cfgmgr32.dll
0x00007ffefab60000 - 0x00007ffefab71000 	C:\Windows\System32\kernel.appcore.dll
0x00007ffef3820000 - 0x00007ffef3831000 	C:\Program Files\Java\jdk-11.0.7\bin\verify.dll
0x00007ffee5c70000 - 0x00007ffee5e64000 	C:\Windows\SYSTEM32\DBGHELP.DLL
0x00007ffee5c40000 - 0x00007ffee5c6a000 	C:\Windows\SYSTEM32\dbgcore.DLL
0x00007ffef37f0000 - 0x00007ffef3819000 	C:\Program Files\Java\jdk-11.0.7\bin\java.dll
0x00007ffef7ab0000 - 0x00007ffef7aba000 	C:\Program Files\Java\jdk-11.0.7\bin\jimage.dll
0x00007ffeeeb60000 - 0x00007ffeeeb90000 	C:\Program Files\Java\jdk-11.0.7\bin\instrument.dll
0x00007ffef3790000 - 0x00007ffef37a6000 	C:\Program Files\Java\jdk-11.0.7\bin\zip.dll
0x00007ffefd500000 - 0x00007ffefdbe6000 	C:\Windows\System32\SHELL32.dll
0x00007ffefc0e0000 - 0x00007ffefc189000 	C:\Windows\System32\shcore.dll
0x00007ffefb5c0000 - 0x00007ffefbd42000 	C:\Windows\System32\windows.storage.dll
0x00007ffefab80000 - 0x00007ffefaba3000 	C:\Windows\System32\profapi.dll
0x00007ffefabd0000 - 0x00007ffefac1a000 	C:\Windows\System32\powrprof.dll
0x00007ffefab50000 - 0x00007ffefab60000 	C:\Windows\System32\UMPDC.dll
0x00007ffefc2f0000 - 0x00007ffefc342000 	C:\Windows\System32\shlwapi.dll
0x00007ffefb1f0000 - 0x00007ffefb207000 	C:\Windows\System32\cryptsp.dll
0x00007ffeeb630000 - 0x00007ffeeb649000 	C:\Program Files\Java\jdk-11.0.7\bin\net.dll
0x00007ffef0600000 - 0x00007ffef06f0000 	C:\Windows\SYSTEM32\WINHTTP.dll
0x00007ffefa3c0000 - 0x00007ffefa427000 	C:\Windows\system32\mswsock.dll
0x00007ffeeae40000 - 0x00007ffeeae53000 	C:\Program Files\Java\jdk-11.0.7\bin\nio.dll
0x00007ffef39a0000 - 0x00007ffef39ba000 	C:\Program Files\JetBrains\IntelliJ IDEA Community Edition 2020.2\bin\breakgen64.dll
0x00007ffef9f30000 - 0x00007ffef9f63000 	C:\Windows\system32\rsaenh.dll
0x00007ffefaed0000 - 0x00007ffefaef6000 	C:\Windows\System32\bcrypt.dll
0x00007ffefaa70000 - 0x00007ffefaa95000 	C:\Windows\SYSTEM32\USERENV.dll
0x00007ffefa590000 - 0x00007ffefa59c000 	C:\Windows\SYSTEM32\CRYPTBASE.dll
0x00007ffefa0d0000 - 0x00007ffefa10a000 	C:\Windows\SYSTEM32\IPHLPAPI.DLL
0x00007ffefd190000 - 0x00007ffefd198000 	C:\Windows\System32\NSI.dll
0x00007ffef0b00000 - 0x00007ffef0b16000 	C:\Windows\SYSTEM32\dhcpcsvc6.DLL
0x00007ffef0ae0000 - 0x00007ffef0afc000 	C:\Windows\SYSTEM32\dhcpcsvc.DLL
0x00007ffefa110000 - 0x00007ffefa1db000 	C:\Windows\SYSTEM32\DNSAPI.dll
0x00007ffef0e80000 - 0x00007ffef0e8a000 	C:\Windows\System32\rasadhlp.dll
0x00007ffef0c80000 - 0x00007ffef0cf7000 	C:\Windows\System32\fwpuclnt.dll
0x00007ffeead40000 - 0x00007ffeead66000 	C:\Program Files\Java\jdk-11.0.7\bin\sunec.dll
0x00007ffef7ac0000 - 0x00007ffef7ace000 	C:\Program Files\Java\jdk-11.0.7\bin\sunmscapi.dll
0x00007ffefad00000 - 0x00007ffefae49000 	C:\Windows\System32\CRYPT32.dll
0x00007ffefabb0000 - 0x00007ffefabc2000 	C:\Windows\System32\MSASN1.dll
0x00007ffefa690000 - 0x00007ffefa6b6000 	C:\Windows\SYSTEM32\ncrypt.dll
0x00007ffefa650000 - 0x00007ffefa68b000 	C:\Windows\SYSTEM32\NTASN1.dll

dbghelp: loaded successfully - version: 4.0.5 - missing functions: none
symbol engine: initialized successfully - sym options: 0x614 - pdb path: .;C:\Program Files\Java\jdk-11.0.7\bin;C:\Windows\SYSTEM32;C:\Windows\WinSxS\amd64_microsoft.windows.common-controls_6595b64144ccf1df_6.0.18362.959_none_e6c7bbbf130c62bb;C:\Program Files\Java\jdk-11.0.7\bin\server;C:\Program Files\JetBrains\IntelliJ IDEA Community Edition 2020.2\bin

VM Arguments:
jvm_args: -ea -Didea.test.cyclic.buffer.size=1048576 -javaagent:C:\Program Files\JetBrains\IntelliJ IDEA Community Edition 2020.2\lib\idea_rt.jar=64929:C:\Program Files\JetBrains\IntelliJ IDEA Community Edition 2020.2\bin -Dfile.encoding=UTF-8 
java_command: com.intellij.rt.testng.RemoteTestNGStarter -usedefaultlisteners false -socket64928 @w@C:\Users\Alex\AppData\Local\Temp\idea_working_dirs_testng8.tmp -temp C:\Users\Alex\AppData\Local\Temp\idea_testng4.tmp
java_class_path (initial): C:\Program Files\JetBrains\IntelliJ IDEA Community Edition 2020.2\lib\idea_rt.jar;C:\Program Files\JetBrains\IntelliJ IDEA Community Edition 2020.2\plugins\testng\lib\testng-rt.jar;C:\Users\Alex\IdeaProjects\trySeleniu\target\test-classes;C:\Users\Alex\IdeaProjects\trySeleniu\target\classes;C:\Users\Alex\.m2\repository\org\seleniumhq\selenium\selenium-java\3.141.59\selenium-java-3.141.59.jar;C:\Users\Alex\.m2\repository\org\seleniumhq\selenium\selenium-api\3.141.59\selenium-api-3.141.59.jar;C:\Users\Alex\.m2\repository\org\seleniumhq\selenium\selenium-chrome-driver\3.141.59\selenium-chrome-driver-3.141.59.jar;C:\Users\Alex\.m2\repository\org\seleniumhq\selenium\selenium-edge-driver\3.141.59\selenium-edge-driver-3.141.59.jar;C:\Users\Alex\.m2\repository\org\seleniumhq\selenium\selenium-firefox-driver\3.141.59\selenium-firefox-driver-3.141.59.jar;C:\Users\Alex\.m2\repository\org\seleniumhq\selenium\selenium-ie-driver\3.141.59\selenium-ie-driver-3.141.59.jar;C:\Users\Alex\.m2\repository\org\seleniumhq\selenium\selenium-opera-driver\3.141.59\selenium-opera-driver-3.141.59.jar;C:\Users\Alex\.m2\repository\org\seleniumhq\selenium\selenium-remote-driver\3.141.59\selenium-remote-driver-3.141.59.jar;C:\Users\Alex\.m2\repository\org\seleniumhq\selenium\selenium-safari-driver\3.141.59\selenium-safari-driver-3.141.59.jar;C:\Users\Alex\.m2\repository\org\seleniumhq\selenium\selenium-support\3.141.59\selenium-support-3.141.59.jar;C:\Users\Alex\.m2\repository\net\bytebuddy\byte-buddy\1.8.15\byte-buddy-1.8.15.jar;C:\Users\Alex\.m2\repository\org\apache\commons\commons-exec\1.3\commons-exec-1.3.jar;C:\Users\Alex\.m2\repository\com\google\guava\guava\25.0-jre\guava-25.0-jre.jar;C:\Users\Alex\.m2\repository\com\google\code\findbugs\jsr305\1.3.9\jsr305-1.3.9.jar;C:\Users\Alex\.m2\repository\org\checkerframework\checker-compat-qual\2.0.0\checker-compat-qual-2.0.0.jar;C:\Users\Alex\.m2\repository\com\google\errorprone\error_prone_annotations\2.1.3\error_prone
Launcher Type: SUN_STANDARD

[Global flags]
     intx CICompilerCount                          = 3                                         {product} {ergonomic}
     uint ConcGCThreads                            = 1                                         {product} {ergonomic}
     uint G1ConcRefinementThreads                  = 4                                         {product} {ergonomic}
   size_t G1HeapRegionSize                         = 1048576                                   {product} {ergonomic}
    uintx GCDrainStackTargetSize                   = 64                                        {product} {ergonomic}
   size_t InitialHeapSize                          = 98566144                                  {product} {ergonomic}
   size_t MarkStackSize                            = 4194304                                   {product} {ergonomic}
   size_t MaxHeapSize                              = 1574961152                                {product} {ergonomic}
   size_t MaxNewSize                               = 944766976                                 {product} {ergonomic}
   size_t MinHeapDeltaBytes                        = 1048576                                   {product} {ergonomic}
    uintx NonNMethodCodeHeapSize                   = 5830732                                {pd product} {ergonomic}
    uintx NonProfiledCodeHeapSize                  = 122913754                              {pd product} {ergonomic}
    uintx ProfiledCodeHeapSize                     = 122913754                              {pd product} {ergonomic}
    uintx ReservedCodeCacheSize                    = 251658240                              {pd product} {ergonomic}
     bool SegmentedCodeCache                       = true                                      {product} {ergonomic}
     bool UseCompressedClassPointers               = true                                 {lp64_product} {ergonomic}
     bool UseCompressedOops                        = true                                 {lp64_product} {ergonomic}
     bool UseG1GC                                  = true                                      {product} {ergonomic}
     bool UseLargePagesIndividualAllocation        = false                                  {pd product} {ergonomic}

Logging:
Log output configuration:
 #0: stdout all=warning uptime,level,tags
 #1: stderr all=off uptime,level,tags

Environment Variables:
JAVA_HOME=C:\Program Files\Java\jdk-11.0.7
PATH=c:\Program Files (x86)\Intel\iCLS Client\;c:\Program Files\Intel\iCLS Client\;C:\Program Files (x86)\Common Files\Oracle\Java\javapath;C:\Windows\system32;C:\Windows;C:\Windows\System32\Wbem;C:\Windows\System32\WindowsPowerShell\v1.0\;C:\Windows\System32\OpenSSH\;C:\Program Files\Intel\Intel(R) Management Engine Components\DAL;C:\Program Files\Intel\Intel(R) Management Engine Components\IPT;C:\Program Files (x86)\Intel\Intel(R) Management Engine Components\DAL;C:\Program Files (x86)\Intel\Intel(R) Management Engine Components\IPT;C:\Program Files (x86)\Intel\OpenCL SDK\2.0\bin\x86;C:\Program Files (x86)\Intel\OpenCL SDK\2.0\bin\x64;C:\Program Files\NVIDIA Corporation\NVIDIA NvDLISR;C:\Program Files (x86)\NVIDIA Corporation\PhysX\Common;C:\Program Files\Git\cmd;C:\Program Files\dotnet\;C:\Users\Alex\AppData\Local\Microsoft\WindowsApps;C:\Users\Alex\AppData\Local\Programs\Microsoft VS Code\bin;C:\Users\Alex\.dotnet\tools;%IntelliJ IDEA Community Edition%;C:\Program Files\Java\jdk-11.0.7;D:\Downloads\apache-maven-3.6.3-bin\apache-maven-3.6.3\bin;
USERNAME=Alex
OS=Windows_NT
PROCESSOR_IDENTIFIER=Intel64 Family 6 Model 58 Stepping 9, GenuineIntel



---------------  S Y S T E M  ---------------

OS: Windows 10 , 64 bit Build 18362 (10.0.18362.959)

CPU:total 4 (initial active 4) (2 cores per cpu, 2 threads per core) family 6 model 58 stepping 9, cmov, cx8, fxsr, mmx, sse, sse2, sse3, ssse3, sse4.1, sse4.2, popcnt, avx, clmul, erms, ht, tsc, tscinvbit, tscinv

Memory: 4k page, system-wide physical 6004M (479M free)
TotalPageFile size 9076M (AvailPageFile size 0M)
current process WorkingSet (physical memory assigned to process): 85M, peak: 85M
current process commit charge ("private bytes"): 189M, peak: 190M

vm_info: Java HotSpot(TM) 64-Bit Server VM (11.0.7+8-LTS) for windows-amd64 JRE (11.0.7+8-LTS), built on Mar 12 2020 02:04:32 by "mach5one" with MS VC++ 15.5 (VS2017)

END.
